<?xml version="1.0" encoding="UTF-8"?>
<!-- Generated by org.testng.reporters.JUnitReportReporter -->
<testsuite hostname="OTLCHELP282" failures="0" tests="2" name="Test.NewTest" time="0.006" errors="0" timestamp="2022-04-19T16:48:38 IST" skipped="0">
  <testcase classname="Test.NewTest" name="f" time="0.004"/>
  <testcase classname="Test.NewTest" name="f" time="0.002"/>
</testsuite> <!-- Test.NewTest -->
